<html>
<body>
<pre>
<h1>Vision Build Log</h1>
<h2>Project:</h2>
C:\Users\Administrator\Desktop\005\003.uvproj
Project File Date:  10/27/2025

<h2>Output:</h2>
Build target '目标 1'
assembling STARTUP.A51...
compiling 005.c...
005.C(6): error C141: syntax error near 'void'
005.C(6): error C141: syntax error near ')'
005.C(6): error C141: syntax error near ')'
005.C(8): error C141: syntax error near 'while'
005.C(8): error C141: syntax error near '--', expected ')'
005.C(8): error C141: syntax error near '=', expected ')'
005.C(8): error C129: missing ';' before '<'
目标未创建
Build target '目标 1'
compiling 005.c...
005.C(6): error C141: syntax error near 'void'
005.C(7): error C141: syntax error near '{'
005.C(9): error C141: syntax error near 'while'
005.C(9): error C141: syntax error near '--', expected ')'
005.C(9): error C141: syntax error near '=', expected ')'
005.C(9): error C129: missing ';' before '<'
目标未创建
Build target '目标 1'
compiling 005.c...
005.C(6): error C141: syntax error near 'void'
005.C(7): error C141: syntax error near '{'
005.C(9): error C141: syntax error near 'while'
005.C(9): error C141: syntax error near '--', expected ')'
005.C(9): error C141: syntax error near '=', expected ')'
005.C(9): error C129: missing ';' before '<'
目标未创建
Build target '目标 1'
compiling 005.c...
005.C(6): error C141: syntax error near 'void'
005.C(7): error C141: syntax error near '{'
005.C(9): error C141: syntax error near 'while'
005.C(9): error C141: syntax error near '--', expected ')'
005.C(9): error C141: syntax error near '=', expected ')'
005.C(9): error C129: missing ';' before '<'
目标未创建
Build target '目标 1'
compiling 005.c...
005.C(6): error C141: syntax error near 'void'
005.C(7): error C141: syntax error near '{'
005.C(9): error C141: syntax error near 'while'
005.C(9): error C141: syntax error near '--', expected ')'
005.C(9): error C141: syntax error near '=', expected ')'
005.C(9): error C129: missing ';' before '<'
目标未创建
Build target '目标 1'
compiling 005.c...
005.C(6): error C141: syntax error near 'void'
005.C(7): error C141: syntax error near '{'
005.C(9): error C141: syntax error near 'while'
005.C(9): error C141: syntax error near '--', expected ')'
005.C(9): error C141: syntax error near '=', expected ')'
005.C(9): error C129: missing ';' before '<'
目标未创建
Build target '目标 1'
compiling 005.c...
005.C(6): error C141: syntax error near 'void'
005.C(7): error C141: syntax error near '{'
005.C(9): error C141: syntax error near 'while'
005.C(9): error C141: syntax error near '--', expected ')'
005.C(9): error C141: syntax error near '=', expected ')'
005.C(9): error C129: missing ';' before '<'
目标未创建
Build target '目标 1'
compiling 005.c...
005.C(6): error C141: syntax error near 'void'
005.C(7): error C141: syntax error near '{'
005.C(9): error C141: syntax error near 'while'
005.C(9): error C141: syntax error near '--', expected ')'
005.C(9): error C141: syntax error near '=', expected ')'
005.C(9): error C129: missing ';' before '<'
目标未创建
Build target '目标 1'
compiling 005.c...
005.C(6): error C141: syntax error near 'void'
005.C(7): error C141: syntax error near '{'
005.C(9): error C141: syntax error near 'while'
005.C(9): error C141: syntax error near '--', expected ')'
005.C(9): error C141: syntax error near '=', expected ')'
005.C(9): error C129: missing ';' before '<'
目标未创建
Build target '目标 1'
compiling 005.c...
005.C(6): error C141: syntax error near 'void'
005.C(7): error C141: syntax error near '{'
005.C(9): error C141: syntax error near 'while'
005.C(9): error C141: syntax error near '--', expected ')'
005.C(9): error C141: syntax error near '=', expected ')'
005.C(9): error C129: missing ';' before '<'
目标未创建
Build target '目标 1'
compiling 005.c...
005.C(6): error C141: syntax error near 'void'
005.C(7): error C141: syntax error near '{'
005.C(9): error C141: syntax error near 'while'
005.C(9): error C141: syntax error near '--', expected ')'
005.C(9): error C141: syntax error near '=', expected ')'
005.C(9): error C129: missing ';' before '<'
目标未创建
Build target '目标 1'
compiling 005.c...
005.C(6): error C141: syntax error near 'void'
005.C(7): error C141: syntax error near '{'
005.C(9): error C141: syntax error near 'while'
005.C(9): error C141: syntax error near '--', expected ')'
005.C(9): error C141: syntax error near '=', expected ')'
005.C(9): error C129: missing ';' before '<'
目标未创建
Build target '目标 1'
compiling 005.c...
005.C(6): error C141: syntax error near 'void'
005.C(7): error C141: syntax error near '{'
005.C(9): error C141: syntax error near 'while'
005.C(9): error C141: syntax error near '--', expected ')'
005.C(9): error C141: syntax error near '=', expected ')'
005.C(9): error C129: missing ';' before '<'
目标未创建
Build target '目标 1'
compiling 005.c...
005.C(6): error C141: syntax error near 'void'
005.C(7): error C141: syntax error near '{'
005.C(9): error C141: syntax error near 'while'
005.C(9): error C141: syntax error near '--', expected ')'
005.C(9): error C141: syntax error near '=', expected ')'
005.C(9): error C129: missing ';' before '<'
目标未创建
Build target '目标 1'
compiling 005.c...
005.C(6): error C141: syntax error near 'void'
005.C(7): error C141: syntax error near '{'
005.C(9): error C141: syntax error near 'while'
005.C(9): error C141: syntax error near '--', expected ')'
005.C(9): error C141: syntax error near '=', expected ')'
005.C(9): error C129: missing ';' before '<'
目标未创建
Build target '目标 1'
compiling 005.c...
005.C(6): error C141: syntax error near 'void'
005.C(7): error C141: syntax error near '{'
005.C(9): error C141: syntax error near 'while'
005.C(9): error C141: syntax error near '--', expected ')'
005.C(9): error C141: syntax error near '=', expected ')'
005.C(9): error C129: missing ';' before '<'
目标未创建
Build target '目标 1'
compiling 005.c...
005.C(6): error C141: syntax error near 'void'
005.C(7): error C141: syntax error near '{'
005.C(9): error C141: syntax error near 'while'
005.C(9): error C141: syntax error near '--', expected ')'
005.C(9): error C141: syntax error near '=', expected ')'
005.C(9): error C129: missing ';' before '<'
目标未创建
Build target '目标 1'
compiling 005.c...
linking...
Program Size: data=9.0 xdata=0 code=86
creating hex file from "003"...
"003" - 0 Error(s), 0 Warning(s).
Build target '目标 1'
compiling 005.c...
linking...
Program Size: data=9.0 xdata=0 code=85
creating hex file from "003"...
"003" - 0 Error(s), 0 Warning(s).
Build target '目标 1'
compiling 005.c...
linking...
Program Size: data=9.0 xdata=0 code=89
creating hex file from "003"...
"003" - 0 Error(s), 0 Warning(s).
Build target '目标 1'
compiling 005.c...
linking...
Program Size: data=9.0 xdata=0 code=89
creating hex file from "003"...
"003" - 0 Error(s), 0 Warning(s).
